<?xml version="1.0" encoding="UTF-8"?>
<!-- Generated by org.testng.reporters.JUnitReportReporter -->
<testsuite skipped="1" hostname="DESKTOP-SHVDRDO" name="com.inetbanking.testCases.TC_LoginTestDDT" tests="1" failures="0" timestamp="07 Dec 2022 05:53:52 GMT" time="0.000" errors="0">
  <testcase name="loginDDT" time="0.000" classname="com.inetbanking.testCases.TC_LoginTestDDT">
    <skipped/>
  </testcase> <!-- loginDDT -->
</testsuite> <!-- com.inetbanking.testCases.TC_LoginTestDDT -->
