<?xml version="1.0" encoding="UTF-8"?>
<!-- Generated by org.testng.reporters.JUnitReportReporter -->
<testsuite skipped="0" hostname="DESKTOP-SHVDRDO" name="com.inetbanking.testCases.TC_LoginTest" tests="1" failures="0" timestamp="12 Dec 2022 11:57:53 GMT" time="4.978" errors="0">
  <testcase name="LoginTest" time="4.978" classname="com.inetbanking.testCases.TC_LoginTest"/>
</testsuite> <!-- com.inetbanking.testCases.TC_LoginTest -->
