<?xml version="1.0" encoding="UTF-8"?>
<!-- Generated by org.testng.reporters.JUnitReportReporter -->
<testsuite skipped="0" hostname="DESKTOP-SHVDRDO" name="com.inetbanking.testCases.TC_AddCustomerTest" tests="1" failures="0" timestamp="12 Dec 2022 11:57:53 GMT" time="27.672" errors="0">
  <testcase name="addNewCustomer" time="27.672" classname="com.inetbanking.testCases.TC_AddCustomerTest"/>
</testsuite> <!-- com.inetbanking.testCases.TC_AddCustomerTest -->
